<?xml version="1.0" encoding="UTF-8"?>
<testng-results ignored="0" total="4" passed="4" failed="0" skipped="0">
  <reporter-output>
  </reporter-output>
  <suite started-at="2026-02-05T12:48:09 IST" name="Suite" finished-at="2026-02-05T12:48:29 IST" duration-ms="19944">
    <groups>
      <group name="cucumber">
        <method signature="AbstractTestNGCucumberTests.runScenario(io.cucumber.testng.PickleWrapper,io.cucumber.testng.FeatureWrapper)[pri:0, instance:runner.TestRunner@175b9425]" name="runScenario" class="io.cucumber.testng.AbstractTestNGCucumberTests"/>
        <method signature="AbstractTestNGCucumberTests.runScenario(io.cucumber.testng.PickleWrapper,io.cucumber.testng.FeatureWrapper)[pri:0, instance:runner.TestRunner@5939a379]" name="runScenario" class="io.cucumber.testng.AbstractTestNGCucumberTests"/>
      </group> <!-- cucumber -->
    </groups>
    <test started-at="2026-02-05T12:48:09 IST" name="Chrome" finished-at="2026-02-05T12:48:29 IST" duration-ms="19944">
      <class name="runner.TestRunner">
        <test-method is-config="true" signature="setUpClass(org.testng.ITestContext)[pri:0, instance:runner.TestRunner@175b9425]" started-at="2026-02-05T12:48:09 IST" name="setUpClass" finished-at="2026-02-05T12:48:10 IST" duration-ms="407" status="PASS">
          <params>
            <param index="0">
              <value>
                <![CDATA[org.testng.TestRunner@f736069]]>
              </value>
            </param>
          </params>
          <reporter-output>
          </reporter-output>
        </test-method> <!-- setUpClass -->
        <test-method signature="runScenario(io.cucumber.testng.PickleWrapper,io.cucumber.testng.FeatureWrapper)[pri:0, instance:runner.TestRunner@175b9425]" started-at="2026-02-05T12:48:10 IST" name="runScenario" description="Runs Cucumber Scenarios" data-provider="scenarios" finished-at="2026-02-05T12:48:29 IST" duration-ms="19400" status="PASS">
          <params>
            <param index="0">
              <value>
                <![CDATA["Search Cucumber"]]>
              </value>
            </param>
            <param index="1">
              <value>
                <![CDATA["Google"]]>
              </value>
            </param>
          </params>
          <reporter-output>
          </reporter-output>
        </test-method> <!-- runScenario -->
        <test-method signature="runScenario(io.cucumber.testng.PickleWrapper,io.cucumber.testng.FeatureWrapper)[pri:0, instance:runner.TestRunner@175b9425]" started-at="2026-02-05T12:48:10 IST" name="runScenario" description="Runs Cucumber Scenarios" data-provider="scenarios" finished-at="2026-02-05T12:48:29 IST" duration-ms="19400" status="PASS">
          <params>
            <param index="0">
              <value>
                <![CDATA["Search Selenium"]]>
              </value>
            </param>
            <param index="1">
              <value>
                <![CDATA["Google"]]>
              </value>
            </param>
          </params>
          <reporter-output>
          </reporter-output>
        </test-method> <!-- runScenario -->
        <test-method is-config="true" signature="tearDownClass()[pri:0, instance:runner.TestRunner@175b9425]" started-at="2026-02-05T12:48:29 IST" name="tearDownClass" finished-at="2026-02-05T12:48:29 IST" duration-ms="80" status="PASS">
          <reporter-output>
          </reporter-output>
        </test-method> <!-- tearDownClass -->
      </class> <!-- runner.TestRunner -->
    </test> <!-- Chrome -->
    <test started-at="2026-02-05T12:48:09 IST" name="Firefox" finished-at="2026-02-05T12:48:29 IST" duration-ms="19944">
      <class name="runner.TestRunner">
        <test-method is-config="true" signature="setUpClass(org.testng.ITestContext)[pri:0, instance:runner.TestRunner@5939a379]" started-at="2026-02-05T12:48:09 IST" name="setUpClass" finished-at="2026-02-05T12:48:10 IST" duration-ms="407" status="PASS">
          <params>
            <param index="0">
              <value>
                <![CDATA[org.testng.TestRunner@6da21078]]>
              </value>
            </param>
          </params>
          <reporter-output>
          </reporter-output>
        </test-method> <!-- setUpClass -->
        <test-method signature="runScenario(io.cucumber.testng.PickleWrapper,io.cucumber.testng.FeatureWrapper)[pri:0, instance:runner.TestRunner@5939a379]" started-at="2026-02-05T12:48:10 IST" name="runScenario" description="Runs Cucumber Scenarios" data-provider="scenarios" finished-at="2026-02-05T12:48:29 IST" duration-ms="19399" status="PASS">
          <params>
            <param index="0">
              <value>
                <![CDATA["Search Cucumber"]]>
              </value>
            </param>
            <param index="1">
              <value>
                <![CDATA["Google"]]>
              </value>
            </param>
          </params>
          <reporter-output>
          </reporter-output>
        </test-method> <!-- runScenario -->
        <test-method signature="runScenario(io.cucumber.testng.PickleWrapper,io.cucumber.testng.FeatureWrapper)[pri:0, instance:runner.TestRunner@5939a379]" started-at="2026-02-05T12:48:10 IST" name="runScenario" description="Runs Cucumber Scenarios" data-provider="scenarios" finished-at="2026-02-05T12:48:29 IST" duration-ms="19399" status="PASS">
          <params>
            <param index="0">
              <value>
                <![CDATA["Search Selenium"]]>
              </value>
            </param>
            <param index="1">
              <value>
                <![CDATA["Google"]]>
              </value>
            </param>
          </params>
          <reporter-output>
          </reporter-output>
        </test-method> <!-- runScenario -->
        <test-method is-config="true" signature="tearDownClass()[pri:0, instance:runner.TestRunner@5939a379]" started-at="2026-02-05T12:48:29 IST" name="tearDownClass" finished-at="2026-02-05T12:48:29 IST" duration-ms="81" status="PASS">
          <reporter-output>
          </reporter-output>
        </test-method> <!-- tearDownClass -->
      </class> <!-- runner.TestRunner -->
    </test> <!-- Firefox -->
  </suite> <!-- Suite -->
</testng-results>
