<?xml version="1.0" encoding="UTF-8"?>
<!-- Generated by org.testng.reporters.JUnitReportReporter -->
<testsuite hostname="SAMTHIYA" failures="0" tests="4" name="runner.TestRunner" time="77.598" errors="0" timestamp="2026-02-05T12:48:29 IST" skipped="0">
  <testcase classname="runner.TestRunner" name="runScenario" time="19.400"/>
  <testcase classname="runner.TestRunner" name="runScenario" time="19.399"/>
  <testcase classname="runner.TestRunner" name="runScenario" time="19.400"/>
  <testcase classname="runner.TestRunner" name="runScenario" time="19.399"/>
</testsuite> <!-- runner.TestRunner -->
